Thu Jun 06 18:05:47 CLT 2013 : Apache Derby Network Server - 10.8.2.2 - (1181258) started and ready to accept connections on port 1527
----------------------------------------------------------------
Thu Jun 06 18:05:48 CLT 2013:
Booting Derby version The Apache Software Foundation - Apache Derby - 10.8.2.2 - (1181258): instance a816c00e-013f-1b86-3579-000044143a51 
on database directory C:\Users\Seba\Documents\NetBeansProjects\colegios\colegios  with class loader sun.misc.Launcher$AppClassLoader@1b1f1f12 
Loaded from file:/C:/Program%20Files/Java/jdk1.7.0_17/db/lib/derby.jar
java.vendor=Oracle Corporation
java.runtime.version=1.7.0_17-b02
user.dir=C:\Program Files\Java\jdk1.7.0_17\db
derby.system.home=C:\Users\Seba\Documents\NetBeansProjects\colegios
Database Class Loader started - derby.database.classpath=''
----------------------------------------------------------------
Thu Jun 06 18:05:55 CLT 2013:
Shutting down instance a816c00e-013f-1b86-3579-000044143a51 on database directory C:\Users\Seba\Documents\NetBeansProjects\colegios\colegios with class loader sun.misc.Launcher$AppClassLoader@1b1f1f12 
Thu Jun 06 18:05:55 CLT 2013 Thread[DRDAConnThread_3,5,main] (DATABASE = colegios), (DRDAID = {2}), Database 'colegios' shutdown.
----------------------------------------------------------------
Thu Jun 06 18:06:01 CLT 2013:
Booting Derby version The Apache Software Foundation - Apache Derby - 10.8.2.2 - (1181258): instance 6c44409f-013f-1b86-3579-000044143a51 
on database directory C:\Users\Seba\Documents\NetBeansProjects\colegios\colegios  with class loader sun.misc.Launcher$AppClassLoader@1b1f1f12 
Loaded from file:/C:/Program%20Files/Java/jdk1.7.0_17/db/lib/derby.jar
java.vendor=Oracle Corporation
java.runtime.version=1.7.0_17-b02
user.dir=C:\Program Files\Java\jdk1.7.0_17\db
derby.system.home=C:\Users\Seba\Documents\NetBeansProjects\colegios
Database Class Loader started - derby.database.classpath=''
